<?xml version="1.0" encoding="UTF-8"?>
<!-- Generated by org.testng.reporters.JUnitReportReporter -->
<testsuite hostname="AnnaliePC" failures="0" tests="1" name="cucumberOptions.TestNgTestRunner" time="0.127" errors="0" timestamp="2022-08-25T17:20:38 IST" skipped="0">
  <testcase classname="cucumberOptions.TestNgTestRunner" name="runScenario" time="0.127"/>
  <system-out/>
</testsuite> <!-- cucumberOptions.TestNgTestRunner -->
